The system is: Darwin - 18.7.0 - x86_64
Compiling the C compiler identification source file "CMakeCCompilerId.c" succeeded.
Compiler: /Volumes/HD_EXTERNO/computador/web/Xcode.app/Contents/Developer/Toolchains/XcodeDefault.xctoolchain/usr/bin/cc 
Build flags: 
Id flags:  

The output was:
0


Compilation of the C compiler identification source "CMakeCCompilerId.c" produced "a.out"

The C compiler identification is AppleClang, found in "/Volumes/HD_EXTERNO/paradas_de_algoritmo/Sexto _semestre/compiladores/P0301/cmake-build-debug/CMakeFiles/3.15.3/CompilerIdC/a.out"

Compiling the CXX compiler identification source file "CMakeCXXCompilerId.cpp" succeeded.
Compiler: /Volumes/HD_EXTERNO/computador/web/Xcode.app/Contents/Developer/Toolchains/XcodeDefault.xctoolchain/usr/bin/c++ 
Build flags: 
Id flags:  

The output was:
0


Compilation of the CXX compiler identification source "CMakeCXXCompilerId.cpp" produced "a.out"

The CXX compiler identification is AppleClang, found in "/Volumes/HD_EXTERNO/paradas_de_algoritmo/Sexto _semestre/compiladores/P0301/cmake-build-debug/CMakeFiles/3.15.3/CompilerIdCXX/a.out"

Determining if the C compiler works passed with the following output:
Change Dir: /Volumes/HD_EXTERNO/paradas_de_algoritmo/Sexto _semestre/compiladores/P0301/cmake-build-debug/CMakeFiles/CMakeTmp

Run Build Command(s):/usr/bin/make cmTC_efec4/fast && /Volumes/HD_EXTERNO/computador/web/Xcode.app/Contents/Developer/usr/bin/make -f CMakeFiles/cmTC_efec4.dir/build.make CMakeFiles/cmTC_efec4.dir/build
Building C object CMakeFiles/cmTC_efec4.dir/testCCompiler.c.o
/Volumes/HD_EXTERNO/computador/web/Xcode.app/Contents/Developer/Toolchains/XcodeDefault.xctoolchain/usr/bin/cc   -isysroot /Volumes/HD_EXTERNO/computador/web/Xcode.app/Contents/Developer/Platforms/MacOSX.platform/Developer/SDKs/MacOSX10.14.sdk   -o CMakeFiles/cmTC_efec4.dir/testCCompiler.c.o   -c "/Volumes/HD_EXTERNO/paradas_de_algoritmo/Sexto _semestre/compiladores/P0301/cmake-build-debug/CMakeFiles/CMakeTmp/testCCompiler.c"
Linking C executable cmTC_efec4
/Volumes/HD_EXTERNO/computador/web/CLion.app/Contents/bin/cmake/mac/bin/cmake -E cmake_link_script CMakeFiles/cmTC_efec4.dir/link.txt --verbose=1
/Volumes/HD_EXTERNO/computador/web/Xcode.app/Contents/Developer/Toolchains/XcodeDefault.xctoolchain/usr/bin/cc   -isysroot /Volumes/HD_EXTERNO/computador/web/Xcode.app/Contents/Developer/Platforms/MacOSX.platform/Developer/SDKs/MacOSX10.14.sdk -Wl,-search_paths_first -Wl,-headerpad_max_install_names   CMakeFiles/cmTC_efec4.dir/testCCompiler.c.o  -o cmTC_efec4 



Detecting C compiler ABI info compiled with the following output:
Change Dir: /Volumes/HD_EXTERNO/paradas_de_algoritmo/Sexto _semestre/compiladores/P0301/cmake-build-debug/CMakeFiles/CMakeTmp

Run Build Command(s):/usr/bin/make cmTC_d4635/fast && /Volumes/HD_EXTERNO/computador/web/Xcode.app/Contents/Developer/usr/bin/make -f CMakeFiles/cmTC_d4635.dir/build.make CMakeFiles/cmTC_d4635.dir/build
Building C object CMakeFiles/cmTC_d4635.dir/CMakeCCompilerABI.c.o
/Volumes/HD_EXTERNO/computador/web/Xcode.app/Contents/Developer/Toolchains/XcodeDefault.xctoolchain/usr/bin/cc   -isysroot /Volumes/HD_EXTERNO/computador/web/Xcode.app/Contents/Developer/Platforms/MacOSX.platform/Developer/SDKs/MacOSX10.14.sdk   -v -Wl,-v -o CMakeFiles/cmTC_d4635.dir/CMakeCCompilerABI.c.o   -c /Volumes/HD_EXTERNO/computador/web/CLion.app/Contents/bin/cmake/mac/share/cmake-3.15/Modules/CMakeCCompilerABI.c
Apple LLVM version 10.0.1 (clang-1001.0.46.4)
Target: x86_64-apple-darwin18.7.0
Thread model: posix
InstalledDir: /Volumes/HD_EXTERNO/computador/web/Xcode.app/Contents/Developer/Toolchains/XcodeDefault.xctoolchain/usr/bin
clang: warning: -Wl,-v: 'linker' input unused [-Wunused-command-line-argument]
 "/Volumes/HD_EXTERNO/computador/web/Xcode.app/Contents/Developer/Toolchains/XcodeDefault.xctoolchain/usr/bin/clang" -cc1 -triple x86_64-apple-macosx10.14.0 -Wdeprecated-objc-isa-usage -Werror=deprecated-objc-isa-usage -emit-obj -mrelax-all -disable-free -disable-llvm-verifier -discard-value-names -main-file-name CMakeCCompilerABI.c -mrelocation-model pic -pic-level 2 -mthread-model posix -mdisable-fp-elim -fno-strict-return -masm-verbose -munwind-tables -target-sdk-version=10.14 -target-cpu penryn -dwarf-column-info -debugger-tuning=lldb -target-linker-version 450.3 -v -coverage-notes-file /Volumes/HD_EXTERNO/paradas_de_algoritmo/Sexto _semestre/compiladores/P0301/cmake-build-debug/CMakeFiles/CMakeTmp/CMakeFiles/cmTC_d4635.dir/CMakeCCompilerABI.c.gcno -resource-dir /Volumes/HD_EXTERNO/computador/web/Xcode.app/Contents/Developer/Toolchains/XcodeDefault.xctoolchain/usr/lib/clang/10.0.1 -isysroot /Volumes/HD_EXTERNO/computador/web/Xcode.app/Contents/Developer/Platforms/MacOSX.platform/Developer/SDKs/MacOSX10.14.sdk -Wno-atomic-implicit-seq-cst -Wno-framework-include-private-from-public -Wno-atimport-in-framework-header -Wno-quoted-include-in-framework-header -fdebug-compilation-dir /Volumes/HD_EXTERNO/paradas_de_algoritmo/Sexto _semestre/compiladores/P0301/cmake-build-debug/CMakeFiles/CMakeTmp -ferror-limit 19 -fmessage-length 0 -stack-protector 1 -fblocks -fencode-extended-block-signature -fregister-global-dtors-with-atexit -fobjc-runtime=macosx-10.14.0 -fmax-type-align=16 -fdiagnostics-show-option -o CMakeFiles/cmTC_d4635.dir/CMakeCCompilerABI.c.o -x c /Volumes/HD_EXTERNO/computador/web/CLion.app/Contents/bin/cmake/mac/share/cmake-3.15/Modules/CMakeCCompilerABI.c
clang -cc1 version 10.0.1 (clang-1001.0.46.4) default target x86_64-apple-darwin18.7.0
ignoring nonexistent directory "/Volumes/HD_EXTERNO/computador/web/Xcode.app/Contents/Developer/Platforms/MacOSX.platform/Developer/SDKs/MacOSX10.14.sdk/usr/local/include"
ignoring nonexistent directory "/Volumes/HD_EXTERNO/computador/web/Xcode.app/Contents/Developer/Platforms/MacOSX.platform/Developer/SDKs/MacOSX10.14.sdk/Library/Frameworks"
#include "..." search starts here:
#include <...> search starts here:
 /Volumes/HD_EXTERNO/computador/web/Xcode.app/Contents/Developer/Toolchains/XcodeDefault.xctoolchain/usr/lib/clang/10.0.1/include
 /Volumes/HD_EXTERNO/computador/web/Xcode.app/Contents/Developer/Toolchains/XcodeDefault.xctoolchain/usr/include
 /Volumes/HD_EXTERNO/computador/web/Xcode.app/Contents/Developer/Platforms/MacOSX.platform/Developer/SDKs/MacOSX10.14.sdk/usr/include
 /Volumes/HD_EXTERNO/computador/web/Xcode.app/Contents/Developer/Platforms/MacOSX.platform/Developer/SDKs/MacOSX10.14.sdk/System/Library/Frameworks (framework directory)
End of search list.
Linking C executable cmTC_d4635
/Volumes/HD_EXTERNO/computador/web/CLion.app/Contents/bin/cmake/mac/bin/cmake -E cmake_link_script CMakeFiles/cmTC_d4635.dir/link.txt --verbose=1
/Volumes/HD_EXTERNO/computador/web/Xcode.app/Contents/Developer/Toolchains/XcodeDefault.xctoolchain/usr/bin/cc   -isysroot /Volumes/HD_EXTERNO/computador/web/Xcode.app/Contents/Developer/Platforms/MacOSX.platform/Developer/SDKs/MacOSX10.14.sdk -Wl,-search_paths_first -Wl,-headerpad_max_install_names  -v -Wl,-v CMakeFiles/cmTC_d4635.dir/CMakeCCompilerABI.c.o  -o cmTC_d4635 
Apple LLVM version 10.0.1 (clang-1001.0.46.4)
Target: x86_64-apple-darwin18.7.0
Thread model: posix
InstalledDir: /Volumes/HD_EXTERNO/computador/web/Xcode.app/Contents/Developer/Toolchains/XcodeDefault.xctoolchain/usr/bin
 "/Volumes/HD_EXTERNO/computador/web/Xcode.app/Contents/Developer/Toolchains/XcodeDefault.xctoolchain/usr/bin/ld" -demangle -lto_library /Volumes/HD_EXTERNO/computador/web/Xcode.app/Contents/Developer/Toolchains/XcodeDefault.xctoolchain/usr/lib/libLTO.dylib -dynamic -arch x86_64 -macosx_version_min 10.14.0 -syslibroot /Volumes/HD_EXTERNO/computador/web/Xcode.app/Contents/Developer/Platforms/MacOSX.platform/Developer/SDKs/MacOSX10.14.sdk -o cmTC_d4635 -search_paths_first -headerpad_max_install_names -v CMakeFiles/cmTC_d4635.dir/CMakeCCompilerABI.c.o -lSystem /Volumes/HD_EXTERNO/computador/web/Xcode.app/Contents/Developer/Toolchains/XcodeDefault.xctoolchain/usr/lib/clang/10.0.1/lib/darwin/libclang_rt.osx.a
@(#)PROGRAM:ld  PROJECT:ld64-450.3
BUILD 18:16:53 Apr  5 2019
configured to support archs: armv6 armv7 armv7s arm64 arm64e arm64_32 i386 x86_64 x86_64h armv6m armv7k armv7m armv7em
Library search paths:
	/Volumes/HD_EXTERNO/computador/web/Xcode.app/Contents/Developer/Platforms/MacOSX.platform/Developer/SDKs/MacOSX10.14.sdk/usr/lib
Framework search paths:
	/Volumes/HD_EXTERNO/computador/web/Xcode.app/Contents/Developer/Platforms/MacOSX.platform/Developer/SDKs/MacOSX10.14.sdk/System/Library/Frameworks/



Parsed C implicit include dir info from above output: rv=done
  found start of include info
  found start of implicit include info
    add: [/Volumes/HD_EXTERNO/computador/web/Xcode.app/Contents/Developer/Toolchains/XcodeDefault.xctoolchain/usr/lib/clang/10.0.1/include]
    add: [/Volumes/HD_EXTERNO/computador/web/Xcode.app/Contents/Developer/Toolchains/XcodeDefault.xctoolchain/usr/include]
    add: [/Volumes/HD_EXTERNO/computador/web/Xcode.app/Contents/Developer/Platforms/MacOSX.platform/Developer/SDKs/MacOSX10.14.sdk/usr/include]
  end of search list found
  collapse include dir [/Volumes/HD_EXTERNO/computador/web/Xcode.app/Contents/Developer/Toolchains/XcodeDefault.xctoolchain/usr/lib/clang/10.0.1/include] ==> [/Volumes/HD_EXTERNO/computador/web/Xcode.app/Contents/Developer/Toolchains/XcodeDefault.xctoolchain/usr/lib/clang/10.0.1/include]
  collapse include dir [/Volumes/HD_EXTERNO/computador/web/Xcode.app/Contents/Developer/Toolchains/XcodeDefault.xctoolchain/usr/include] ==> [/Volumes/HD_EXTERNO/computador/web/Xcode.app/Contents/Developer/Toolchains/XcodeDefault.xctoolchain/usr/include]
  collapse include dir [/Volumes/HD_EXTERNO/computador/web/Xcode.app/Contents/Developer/Platforms/MacOSX.platform/Developer/SDKs/MacOSX10.14.sdk/usr/include] ==> [/Volumes/HD_EXTERNO/computador/web/Xcode.app/Contents/Developer/Platforms/MacOSX.platform/Developer/SDKs/MacOSX10.14.sdk/usr/include]
  implicit include dirs: [/Volumes/HD_EXTERNO/computador/web/Xcode.app/Contents/Developer/Toolchains/XcodeDefault.xctoolchain/usr/lib/clang/10.0.1/include;/Volumes/HD_EXTERNO/computador/web/Xcode.app/Contents/Developer/Toolchains/XcodeDefault.xctoolchain/usr/include;/Volumes/HD_EXTERNO/computador/web/Xcode.app/Contents/Developer/Platforms/MacOSX.platform/Developer/SDKs/MacOSX10.14.sdk/usr/include]


Parsed C implicit link information from above output:
  link line regex: [^( *|.*[/\])(ld|CMAKE_LINK_STARTFILE-NOTFOUND|([^/\]+-)?ld|collect2)[^/\]*( |$)]
  ignore line: [Change Dir: /Volumes/HD_EXTERNO/paradas_de_algoritmo/Sexto _semestre/compiladores/P0301/cmake-build-debug/CMakeFiles/CMakeTmp]
  ignore line: []
  ignore line: [Run Build Command(s):/usr/bin/make cmTC_d4635/fast && /Volumes/HD_EXTERNO/computador/web/Xcode.app/Contents/Developer/usr/bin/make -f CMakeFiles/cmTC_d4635.dir/build.make CMakeFiles/cmTC_d4635.dir/build]
  ignore line: [Building C object CMakeFiles/cmTC_d4635.dir/CMakeCCompilerABI.c.o]
  ignore line: [/Volumes/HD_EXTERNO/computador/web/Xcode.app/Contents/Developer/Toolchains/XcodeDefault.xctoolchain/usr/bin/cc   -isysroot /Volumes/HD_EXTERNO/computador/web/Xcode.app/Contents/Developer/Platforms/MacOSX.platform/Developer/SDKs/MacOSX10.14.sdk   -v -Wl,-v -o CMakeFiles/cmTC_d4635.dir/CMakeCCompilerABI.c.o   -c /Volumes/HD_EXTERNO/computador/web/CLion.app/Contents/bin/cmake/mac/share/cmake-3.15/Modules/CMakeCCompilerABI.c]
  ignore line: [Apple LLVM version 10.0.1 (clang-1001.0.46.4)]
  ignore line: [Target: x86_64-apple-darwin18.7.0]
  ignore line: [Thread model: posix]
  ignore line: [InstalledDir: /Volumes/HD_EXTERNO/computador/web/Xcode.app/Contents/Developer/Toolchains/XcodeDefault.xctoolchain/usr/bin]
  ignore line: [clang: warning: -Wl,-v: 'linker' input unused [-Wunused-command-line-argument]]
  ignore line: [ "/Volumes/HD_EXTERNO/computador/web/Xcode.app/Contents/Developer/Toolchains/XcodeDefault.xctoolchain/usr/bin/clang" -cc1 -triple x86_64-apple-macosx10.14.0 -Wdeprecated-objc-isa-usage -Werror=deprecated-objc-isa-usage -emit-obj -mrelax-all -disable-free -disable-llvm-verifier -discard-value-names -main-file-name CMakeCCompilerABI.c -mrelocation-model pic -pic-level 2 -mthread-model posix -mdisable-fp-elim -fno-strict-return -masm-verbose -munwind-tables -target-sdk-version=10.14 -target-cpu penryn -dwarf-column-info -debugger-tuning=lldb -target-linker-version 450.3 -v -coverage-notes-file /Volumes/HD_EXTERNO/paradas_de_algoritmo/Sexto _semestre/compiladores/P0301/cmake-build-debug/CMakeFiles/CMakeTmp/CMakeFiles/cmTC_d4635.dir/CMakeCCompilerABI.c.gcno -resource-dir /Volumes/HD_EXTERNO/computador/web/Xcode.app/Contents/Developer/Toolchains/XcodeDefault.xctoolchain/usr/lib/clang/10.0.1 -isysroot /Volumes/HD_EXTERNO/computador/web/Xcode.app/Contents/Developer/Platforms/MacOSX.platform/Developer/SDKs/MacOSX10.14.sdk -Wno-atomic-implicit-seq-cst -Wno-framework-include-private-from-public -Wno-atimport-in-framework-header -Wno-quoted-include-in-framework-header -fdebug-compilation-dir /Volumes/HD_EXTERNO/paradas_de_algoritmo/Sexto _semestre/compiladores/P0301/cmake-build-debug/CMakeFiles/CMakeTmp -ferror-limit 19 -fmessage-length 0 -stack-protector 1 -fblocks -fencode-extended-block-signature -fregister-global-dtors-with-atexit -fobjc-runtime=macosx-10.14.0 -fmax-type-align=16 -fdiagnostics-show-option -o CMakeFiles/cmTC_d4635.dir/CMakeCCompilerABI.c.o -x c /Volumes/HD_EXTERNO/computador/web/CLion.app/Contents/bin/cmake/mac/share/cmake-3.15/Modules/CMakeCCompilerABI.c]
  ignore line: [clang -cc1 version 10.0.1 (clang-1001.0.46.4) default target x86_64-apple-darwin18.7.0]
  ignore line: [ignoring nonexistent directory "/Volumes/HD_EXTERNO/computador/web/Xcode.app/Contents/Developer/Platforms/MacOSX.platform/Developer/SDKs/MacOSX10.14.sdk/usr/local/include"]
  ignore line: [ignoring nonexistent directory "/Volumes/HD_EXTERNO/computador/web/Xcode.app/Contents/Developer/Platforms/MacOSX.platform/Developer/SDKs/MacOSX10.14.sdk/Library/Frameworks"]
  ignore line: [#include "..." search starts here:]
  ignore line: [#include <...> search starts here:]
  ignore line: [ /Volumes/HD_EXTERNO/computador/web/Xcode.app/Contents/Developer/Toolchains/XcodeDefault.xctoolchain/usr/lib/clang/10.0.1/include]
  ignore line: [ /Volumes/HD_EXTERNO/computador/web/Xcode.app/Contents/Developer/Toolchains/XcodeDefault.xctoolchain/usr/include]
  ignore line: [ /Volumes/HD_EXTERNO/computador/web/Xcode.app/Contents/Developer/Platforms/MacOSX.platform/Developer/SDKs/MacOSX10.14.sdk/usr/include]
  ignore line: [ /Volumes/HD_EXTERNO/computador/web/Xcode.app/Contents/Developer/Platforms/MacOSX.platform/Developer/SDKs/MacOSX10.14.sdk/System/Library/Frameworks (framework directory)]
  ignore line: [End of search list.]
  ignore line: [Linking C executable cmTC_d4635]
  ignore line: [/Volumes/HD_EXTERNO/computador/web/CLion.app/Contents/bin/cmake/mac/bin/cmake -E cmake_link_script CMakeFiles/cmTC_d4635.dir/link.txt --verbose=1]
  ignore line: [/Volumes/HD_EXTERNO/computador/web/Xcode.app/Contents/Developer/Toolchains/XcodeDefault.xctoolchain/usr/bin/cc   -isysroot /Volumes/HD_EXTERNO/computador/web/Xcode.app/Contents/Developer/Platforms/MacOSX.platform/Developer/SDKs/MacOSX10.14.sdk -Wl,-search_paths_first -Wl,-headerpad_max_install_names  -v -Wl,-v CMakeFiles/cmTC_d4635.dir/CMakeCCompilerABI.c.o  -o cmTC_d4635 ]
  ignore line: [Apple LLVM version 10.0.1 (clang-1001.0.46.4)]
  ignore line: [Target: x86_64-apple-darwin18.7.0]
  ignore line: [Thread model: posix]
  ignore line: [InstalledDir: /Volumes/HD_EXTERNO/computador/web/Xcode.app/Contents/Developer/Toolchains/XcodeDefault.xctoolchain/usr/bin]
  link line: [ "/Volumes/HD_EXTERNO/computador/web/Xcode.app/Contents/Developer/Toolchains/XcodeDefault.xctoolchain/usr/bin/ld" -demangle -lto_library /Volumes/HD_EXTERNO/computador/web/Xcode.app/Contents/Developer/Toolchains/XcodeDefault.xctoolchain/usr/lib/libLTO.dylib -dynamic -arch x86_64 -macosx_version_min 10.14.0 -syslibroot /Volumes/HD_EXTERNO/computador/web/Xcode.app/Contents/Developer/Platforms/MacOSX.platform/Developer/SDKs/MacOSX10.14.sdk -o cmTC_d4635 -search_paths_first -headerpad_max_install_names -v CMakeFiles/cmTC_d4635.dir/CMakeCCompilerABI.c.o -lSystem /Volumes/HD_EXTERNO/computador/web/Xcode.app/Contents/Developer/Toolchains/XcodeDefault.xctoolchain/usr/lib/clang/10.0.1/lib/darwin/libclang_rt.osx.a]
    arg [/Volumes/HD_EXTERNO/computador/web/Xcode.app/Contents/Developer/Toolchains/XcodeDefault.xctoolchain/usr/bin/ld] ==> ignore
    arg [-demangle] ==> ignore
    arg [-lto_library] ==> ignore, skip following value
    arg [/Volumes/HD_EXTERNO/computador/web/Xcode.app/Contents/Developer/Toolchains/XcodeDefault.xctoolchain/usr/lib/libLTO.dylib] ==> skip value of -lto_library
    arg [-dynamic] ==> ignore
    arg [-arch] ==> ignore
    arg [x86_64] ==> ignore
    arg [-macosx_version_min] ==> ignore
    arg [10.14.0] ==> ignore
    arg [-syslibroot] ==> ignore
    arg [/Volumes/HD_EXTERNO/computador/web/Xcode.app/Contents/Developer/Platforms/MacOSX.platform/Developer/SDKs/MacOSX10.14.sdk] ==> ignore
    arg [-o] ==> ignore
    arg [cmTC_d4635] ==> ignore
    arg [-search_paths_first] ==> ignore
    arg [-headerpad_max_install_names] ==> ignore
    arg [-v] ==> ignore
    arg [CMakeFiles/cmTC_d4635.dir/CMakeCCompilerABI.c.o] ==> ignore
    arg [-lSystem] ==> lib [System]
    arg [/Volumes/HD_EXTERNO/computador/web/Xcode.app/Contents/Developer/Toolchains/XcodeDefault.xctoolchain/usr/lib/clang/10.0.1/lib/darwin/libclang_rt.osx.a] ==> lib [/Volumes/HD_EXTERNO/computador/web/Xcode.app/Contents/Developer/Toolchains/XcodeDefault.xctoolchain/usr/lib/clang/10.0.1/lib/darwin/libclang_rt.osx.a]
  Library search paths: [;/Volumes/HD_EXTERNO/computador/web/Xcode.app/Contents/Developer/Platforms/MacOSX.platform/Developer/SDKs/MacOSX10.14.sdk/usr/lib]
  Framework search paths: [;/Volumes/HD_EXTERNO/computador/web/Xcode.app/Contents/Developer/Platforms/MacOSX.platform/Developer/SDKs/MacOSX10.14.sdk/System/Library/Frameworks/]
  remove lib [System]
  remove lib [/Volumes/HD_EXTERNO/computador/web/Xcode.app/Contents/Developer/Toolchains/XcodeDefault.xctoolchain/usr/lib/clang/10.0.1/lib/darwin/libclang_rt.osx.a]
  collapse library dir [/Volumes/HD_EXTERNO/computador/web/Xcode.app/Contents/Developer/Platforms/MacOSX.platform/Developer/SDKs/MacOSX10.14.sdk/usr/lib] ==> [/Volumes/HD_EXTERNO/computador/web/Xcode.app/Contents/Developer/Platforms/MacOSX.platform/Developer/SDKs/MacOSX10.14.sdk/usr/lib]
  collapse framework dir [/Volumes/HD_EXTERNO/computador/web/Xcode.app/Contents/Developer/Platforms/MacOSX.platform/Developer/SDKs/MacOSX10.14.sdk/System/Library/Frameworks/] ==> [/Volumes/HD_EXTERNO/computador/web/Xcode.app/Contents/Developer/Platforms/MacOSX.platform/Developer/SDKs/MacOSX10.14.sdk/System/Library/Frameworks]
  implicit libs: []
  implicit dirs: [/Volumes/HD_EXTERNO/computador/web/Xcode.app/Contents/Developer/Platforms/MacOSX.platform/Developer/SDKs/MacOSX10.14.sdk/usr/lib]
  implicit fwks: [/Volumes/HD_EXTERNO/computador/web/Xcode.app/Contents/Developer/Platforms/MacOSX.platform/Developer/SDKs/MacOSX10.14.sdk/System/Library/Frameworks]


Determining if the CXX compiler works passed with the following output:
Change Dir: /Volumes/HD_EXTERNO/paradas_de_algoritmo/Sexto _semestre/compiladores/P0301/cmake-build-debug/CMakeFiles/CMakeTmp

Run Build Command(s):/usr/bin/make cmTC_9316b/fast && /Volumes/HD_EXTERNO/computador/web/Xcode.app/Contents/Developer/usr/bin/make -f CMakeFiles/cmTC_9316b.dir/build.make CMakeFiles/cmTC_9316b.dir/build
Building CXX object CMakeFiles/cmTC_9316b.dir/testCXXCompiler.cxx.o
/Volumes/HD_EXTERNO/computador/web/Xcode.app/Contents/Developer/Toolchains/XcodeDefault.xctoolchain/usr/bin/c++    -isysroot /Volumes/HD_EXTERNO/computador/web/Xcode.app/Contents/Developer/Platforms/MacOSX.platform/Developer/SDKs/MacOSX10.14.sdk   -o CMakeFiles/cmTC_9316b.dir/testCXXCompiler.cxx.o -c "/Volumes/HD_EXTERNO/paradas_de_algoritmo/Sexto _semestre/compiladores/P0301/cmake-build-debug/CMakeFiles/CMakeTmp/testCXXCompiler.cxx"
Linking CXX executable cmTC_9316b
/Volumes/HD_EXTERNO/computador/web/CLion.app/Contents/bin/cmake/mac/bin/cmake -E cmake_link_script CMakeFiles/cmTC_9316b.dir/link.txt --verbose=1
/Volumes/HD_EXTERNO/computador/web/Xcode.app/Contents/Developer/Toolchains/XcodeDefault.xctoolchain/usr/bin/c++    -isysroot /Volumes/HD_EXTERNO/computador/web/Xcode.app/Contents/Developer/Platforms/MacOSX.platform/Developer/SDKs/MacOSX10.14.sdk -Wl,-search_paths_first -Wl,-headerpad_max_install_names   CMakeFiles/cmTC_9316b.dir/testCXXCompiler.cxx.o  -o cmTC_9316b 



Detecting CXX compiler ABI info compiled with the following output:
Change Dir: /Volumes/HD_EXTERNO/paradas_de_algoritmo/Sexto _semestre/compiladores/P0301/cmake-build-debug/CMakeFiles/CMakeTmp

Run Build Command(s):/usr/bin/make cmTC_daddf/fast && /Volumes/HD_EXTERNO/computador/web/Xcode.app/Contents/Developer/usr/bin/make -f CMakeFiles/cmTC_daddf.dir/build.make CMakeFiles/cmTC_daddf.dir/build
Building CXX object CMakeFiles/cmTC_daddf.dir/CMakeCXXCompilerABI.cpp.o
/Volumes/HD_EXTERNO/computador/web/Xcode.app/Contents/Developer/Toolchains/XcodeDefault.xctoolchain/usr/bin/c++    -isysroot /Volumes/HD_EXTERNO/computador/web/Xcode.app/Contents/Developer/Platforms/MacOSX.platform/Developer/SDKs/MacOSX10.14.sdk   -v -Wl,-v -o CMakeFiles/cmTC_daddf.dir/CMakeCXXCompilerABI.cpp.o -c /Volumes/HD_EXTERNO/computador/web/CLion.app/Contents/bin/cmake/mac/share/cmake-3.15/Modules/CMakeCXXCompilerABI.cpp
Apple LLVM version 10.0.1 (clang-1001.0.46.4)
Target: x86_64-apple-darwin18.7.0
Thread model: posix
InstalledDir: /Volumes/HD_EXTERNO/computador/web/Xcode.app/Contents/Developer/Toolchains/XcodeDefault.xctoolchain/usr/bin
clang: warning: -Wl,-v: 'linker' input unused [-Wunused-command-line-argument]
 "/Volumes/HD_EXTERNO/computador/web/Xcode.app/Contents/Developer/Toolchains/XcodeDefault.xctoolchain/usr/bin/clang" -cc1 -triple x86_64-apple-macosx10.14.0 -Wdeprecated-objc-isa-usage -Werror=deprecated-objc-isa-usage -emit-obj -mrelax-all -disable-free -disable-llvm-verifier -discard-value-names -main-file-name CMakeCXXCompilerABI.cpp -mrelocation-model pic -pic-level 2 -mthread-model posix -mdisable-fp-elim -fno-strict-return -masm-verbose -munwind-tables -target-sdk-version=10.14 -target-cpu penryn -dwarf-column-info -debugger-tuning=lldb -target-linker-version 450.3 -v -coverage-notes-file /Volumes/HD_EXTERNO/paradas_de_algoritmo/Sexto _semestre/compiladores/P0301/cmake-build-debug/CMakeFiles/CMakeTmp/CMakeFiles/cmTC_daddf.dir/CMakeCXXCompilerABI.cpp.gcno -resource-dir /Volumes/HD_EXTERNO/computador/web/Xcode.app/Contents/Developer/Toolchains/XcodeDefault.xctoolchain/usr/lib/clang/10.0.1 -isysroot /Volumes/HD_EXTERNO/computador/web/Xcode.app/Contents/Developer/Platforms/MacOSX.platform/Developer/SDKs/MacOSX10.14.sdk -stdlib=libc++ -Wno-atomic-implicit-seq-cst -Wno-framework-include-private-from-public -Wno-atimport-in-framework-header -Wno-quoted-include-in-framework-header -fdeprecated-macro -fdebug-compilation-dir /Volumes/HD_EXTERNO/paradas_de_algoritmo/Sexto _semestre/compiladores/P0301/cmake-build-debug/CMakeFiles/CMakeTmp -ferror-limit 19 -fmessage-length 0 -stack-protector 1 -fblocks -fencode-extended-block-signature -fregister-global-dtors-with-atexit -fobjc-runtime=macosx-10.14.0 -fcxx-exceptions -fexceptions -fmax-type-align=16 -fdiagnostics-show-option -o CMakeFiles/cmTC_daddf.dir/CMakeCXXCompilerABI.cpp.o -x c++ /Volumes/HD_EXTERNO/computador/web/CLion.app/Contents/bin/cmake/mac/share/cmake-3.15/Modules/CMakeCXXCompilerABI.cpp
clang -cc1 version 10.0.1 (clang-1001.0.46.4) default target x86_64-apple-darwin18.7.0
ignoring nonexistent directory "/Volumes/HD_EXTERNO/computador/web/Xcode.app/Contents/Developer/Platforms/MacOSX.platform/Developer/SDKs/MacOSX10.14.sdk/usr/include/c++/v1"
ignoring nonexistent directory "/Volumes/HD_EXTERNO/computador/web/Xcode.app/Contents/Developer/Platforms/MacOSX.platform/Developer/SDKs/MacOSX10.14.sdk/usr/local/include"
ignoring nonexistent directory "/Volumes/HD_EXTERNO/computador/web/Xcode.app/Contents/Developer/Platforms/MacOSX.platform/Developer/SDKs/MacOSX10.14.sdk/Library/Frameworks"
#include "..." search starts here:
#include <...> search starts here:
 /Volumes/HD_EXTERNO/computador/web/Xcode.app/Contents/Developer/Toolchains/XcodeDefault.xctoolchain/usr/include/c++/v1
 /Volumes/HD_EXTERNO/computador/web/Xcode.app/Contents/Developer/Toolchains/XcodeDefault.xctoolchain/usr/lib/clang/10.0.1/include
 /Volumes/HD_EXTERNO/computador/web/Xcode.app/Contents/Developer/Toolchains/XcodeDefault.xctoolchain/usr/include
 /Volumes/HD_EXTERNO/computador/web/Xcode.app/Contents/Developer/Platforms/MacOSX.platform/Developer/SDKs/MacOSX10.14.sdk/usr/include
 /Volumes/HD_EXTERNO/computador/web/Xcode.app/Contents/Developer/Platforms/MacOSX.platform/Developer/SDKs/MacOSX10.14.sdk/System/Library/Frameworks (framework directory)
End of search list.
Linking CXX executable cmTC_daddf
/Volumes/HD_EXTERNO/computador/web/CLion.app/Contents/bin/cmake/mac/bin/cmake -E cmake_link_script CMakeFiles/cmTC_daddf.dir/link.txt --verbose=1
/Volumes/HD_EXTERNO/computador/web/Xcode.app/Contents/Developer/Toolchains/XcodeDefault.xctoolchain/usr/bin/c++    -isysroot /Volumes/HD_EXTERNO/computador/web/Xcode.app/Contents/Developer/Platforms/MacOSX.platform/Developer/SDKs/MacOSX10.14.sdk -Wl,-search_paths_first -Wl,-headerpad_max_install_names  -v -Wl,-v CMakeFiles/cmTC_daddf.dir/CMakeCXXCompilerABI.cpp.o  -o cmTC_daddf 
Apple LLVM version 10.0.1 (clang-1001.0.46.4)
Target: x86_64-apple-darwin18.7.0
Thread model: posix
InstalledDir: /Volumes/HD_EXTERNO/computador/web/Xcode.app/Contents/Developer/Toolchains/XcodeDefault.xctoolchain/usr/bin
 "/Volumes/HD_EXTERNO/computador/web/Xcode.app/Contents/Developer/Toolchains/XcodeDefault.xctoolchain/usr/bin/ld" -demangle -lto_library /Volumes/HD_EXTERNO/computador/web/Xcode.app/Contents/Developer/Toolchains/XcodeDefault.xctoolchain/usr/lib/libLTO.dylib -dynamic -arch x86_64 -macosx_version_min 10.14.0 -syslibroot /Volumes/HD_EXTERNO/computador/web/Xcode.app/Contents/Developer/Platforms/MacOSX.platform/Developer/SDKs/MacOSX10.14.sdk -o cmTC_daddf -search_paths_first -headerpad_max_install_names -v CMakeFiles/cmTC_daddf.dir/CMakeCXXCompilerABI.cpp.o -lc++ -lSystem /Volumes/HD_EXTERNO/computador/web/Xcode.app/Contents/Developer/Toolchains/XcodeDefault.xctoolchain/usr/lib/clang/10.0.1/lib/darwin/libclang_rt.osx.a
@(#)PROGRAM:ld  PROJECT:ld64-450.3
BUILD 18:16:53 Apr  5 2019
configured to support archs: armv6 armv7 armv7s arm64 arm64e arm64_32 i386 x86_64 x86_64h armv6m armv7k armv7m armv7em
Library search paths:
	/Volumes/HD_EXTERNO/computador/web/Xcode.app/Contents/Developer/Platforms/MacOSX.platform/Developer/SDKs/MacOSX10.14.sdk/usr/lib
Framework search paths:
	/Volumes/HD_EXTERNO/computador/web/Xcode.app/Contents/Developer/Platforms/MacOSX.platform/Developer/SDKs/MacOSX10.14.sdk/System/Library/Frameworks/



Parsed CXX implicit include dir info from above output: rv=done
  found start of include info
  found start of implicit include info
    add: [/Volumes/HD_EXTERNO/computador/web/Xcode.app/Contents/Developer/Toolchains/XcodeDefault.xctoolchain/usr/include/c++/v1]
    add: [/Volumes/HD_EXTERNO/computador/web/Xcode.app/Contents/Developer/Toolchains/XcodeDefault.xctoolchain/usr/lib/clang/10.0.1/include]
    add: [/Volumes/HD_EXTERNO/computador/web/Xcode.app/Contents/Developer/Toolchains/XcodeDefault.xctoolchain/usr/include]
    add: [/Volumes/HD_EXTERNO/computador/web/Xcode.app/Contents/Developer/Platforms/MacOSX.platform/Developer/SDKs/MacOSX10.14.sdk/usr/include]
  end of search list found
  collapse include dir [/Volumes/HD_EXTERNO/computador/web/Xcode.app/Contents/Developer/Toolchains/XcodeDefault.xctoolchain/usr/include/c++/v1] ==> [/Volumes/HD_EXTERNO/computador/web/Xcode.app/Contents/Developer/Toolchains/XcodeDefault.xctoolchain/usr/include/c++/v1]
  collapse include dir [/Volumes/HD_EXTERNO/computador/web/Xcode.app/Contents/Developer/Toolchains/XcodeDefault.xctoolchain/usr/lib/clang/10.0.1/include] ==> [/Volumes/HD_EXTERNO/computador/web/Xcode.app/Contents/Developer/Toolchains/XcodeDefault.xctoolchain/usr/lib/clang/10.0.1/include]
  collapse include dir [/Volumes/HD_EXTERNO/computador/web/Xcode.app/Contents/Developer/Toolchains/XcodeDefault.xctoolchain/usr/include] ==> [/Volumes/HD_EXTERNO/computador/web/Xcode.app/Contents/Developer/Toolchains/XcodeDefault.xctoolchain/usr/include]
  collapse include dir [/Volumes/HD_EXTERNO/computador/web/Xcode.app/Contents/Developer/Platforms/MacOSX.platform/Developer/SDKs/MacOSX10.14.sdk/usr/include] ==> [/Volumes/HD_EXTERNO/computador/web/Xcode.app/Contents/Developer/Platforms/MacOSX.platform/Developer/SDKs/MacOSX10.14.sdk/usr/include]
  implicit include dirs: [/Volumes/HD_EXTERNO/computador/web/Xcode.app/Contents/Developer/Toolchains/XcodeDefault.xctoolchain/usr/include/c++/v1;/Volumes/HD_EXTERNO/computador/web/Xcode.app/Contents/Developer/Toolchains/XcodeDefault.xctoolchain/usr/lib/clang/10.0.1/include;/Volumes/HD_EXTERNO/computador/web/Xcode.app/Contents/Developer/Toolchains/XcodeDefault.xctoolchain/usr/include;/Volumes/HD_EXTERNO/computador/web/Xcode.app/Contents/Developer/Platforms/MacOSX.platform/Developer/SDKs/MacOSX10.14.sdk/usr/include]


Parsed CXX implicit link information from above output:
  link line regex: [^( *|.*[/\])(ld|CMAKE_LINK_STARTFILE-NOTFOUND|([^/\]+-)?ld|collect2)[^/\]*( |$)]
  ignore line: [Change Dir: /Volumes/HD_EXTERNO/paradas_de_algoritmo/Sexto _semestre/compiladores/P0301/cmake-build-debug/CMakeFiles/CMakeTmp]
  ignore line: []
  ignore line: [Run Build Command(s):/usr/bin/make cmTC_daddf/fast && /Volumes/HD_EXTERNO/computador/web/Xcode.app/Contents/Developer/usr/bin/make -f CMakeFiles/cmTC_daddf.dir/build.make CMakeFiles/cmTC_daddf.dir/build]
  ignore line: [Building CXX object CMakeFiles/cmTC_daddf.dir/CMakeCXXCompilerABI.cpp.o]
  ignore line: [/Volumes/HD_EXTERNO/computador/web/Xcode.app/Contents/Developer/Toolchains/XcodeDefault.xctoolchain/usr/bin/c++    -isysroot /Volumes/HD_EXTERNO/computador/web/Xcode.app/Contents/Developer/Platforms/MacOSX.platform/Developer/SDKs/MacOSX10.14.sdk   -v -Wl,-v -o CMakeFiles/cmTC_daddf.dir/CMakeCXXCompilerABI.cpp.o -c /Volumes/HD_EXTERNO/computador/web/CLion.app/Contents/bin/cmake/mac/share/cmake-3.15/Modules/CMakeCXXCompilerABI.cpp]
  ignore line: [Apple LLVM version 10.0.1 (clang-1001.0.46.4)]
  ignore line: [Target: x86_64-apple-darwin18.7.0]
  ignore line: [Thread model: posix]
  ignore line: [InstalledDir: /Volumes/HD_EXTERNO/computador/web/Xcode.app/Contents/Developer/Toolchains/XcodeDefault.xctoolchain/usr/bin]
  ignore line: [clang: warning: -Wl,-v: 'linker' input unused [-Wunused-command-line-argument]]
  ignore line: [ "/Volumes/HD_EXTERNO/computador/web/Xcode.app/Contents/Developer/Toolchains/XcodeDefault.xctoolchain/usr/bin/clang" -cc1 -triple x86_64-apple-macosx10.14.0 -Wdeprecated-objc-isa-usage -Werror=deprecated-objc-isa-usage -emit-obj -mrelax-all -disable-free -disable-llvm-verifier -discard-value-names -main-file-name CMakeCXXCompilerABI.cpp -mrelocation-model pic -pic-level 2 -mthread-model posix -mdisable-fp-elim -fno-strict-return -masm-verbose -munwind-tables -target-sdk-version=10.14 -target-cpu penryn -dwarf-column-info -debugger-tuning=lldb -target-linker-version 450.3 -v -coverage-notes-file /Volumes/HD_EXTERNO/paradas_de_algoritmo/Sexto _semestre/compiladores/P0301/cmake-build-debug/CMakeFiles/CMakeTmp/CMakeFiles/cmTC_daddf.dir/CMakeCXXCompilerABI.cpp.gcno -resource-dir /Volumes/HD_EXTERNO/computador/web/Xcode.app/Contents/Developer/Toolchains/XcodeDefault.xctoolchain/usr/lib/clang/10.0.1 -isysroot /Volumes/HD_EXTERNO/computador/web/Xcode.app/Contents/Developer/Platforms/MacOSX.platform/Developer/SDKs/MacOSX10.14.sdk -stdlib=libc++ -Wno-atomic-implicit-seq-cst -Wno-framework-include-private-from-public -Wno-atimport-in-framework-header -Wno-quoted-include-in-framework-header -fdeprecated-macro -fdebug-compilation-dir /Volumes/HD_EXTERNO/paradas_de_algoritmo/Sexto _semestre/compiladores/P0301/cmake-build-debug/CMakeFiles/CMakeTmp -ferror-limit 19 -fmessage-length 0 -stack-protector 1 -fblocks -fencode-extended-block-signature -fregister-global-dtors-with-atexit -fobjc-runtime=macosx-10.14.0 -fcxx-exceptions -fexceptions -fmax-type-align=16 -fdiagnostics-show-option -o CMakeFiles/cmTC_daddf.dir/CMakeCXXCompilerABI.cpp.o -x c++ /Volumes/HD_EXTERNO/computador/web/CLion.app/Contents/bin/cmake/mac/share/cmake-3.15/Modules/CMakeCXXCompilerABI.cpp]
  ignore line: [clang -cc1 version 10.0.1 (clang-1001.0.46.4) default target x86_64-apple-darwin18.7.0]
  ignore line: [ignoring nonexistent directory "/Volumes/HD_EXTERNO/computador/web/Xcode.app/Contents/Developer/Platforms/MacOSX.platform/Developer/SDKs/MacOSX10.14.sdk/usr/include/c++/v1"]
  ignore line: [ignoring nonexistent directory "/Volumes/HD_EXTERNO/computador/web/Xcode.app/Contents/Developer/Platforms/MacOSX.platform/Developer/SDKs/MacOSX10.14.sdk/usr/local/include"]
  ignore line: [ignoring nonexistent directory "/Volumes/HD_EXTERNO/computador/web/Xcode.app/Contents/Developer/Platforms/MacOSX.platform/Developer/SDKs/MacOSX10.14.sdk/Library/Frameworks"]
  ignore line: [#include "..." search starts here:]
  ignore line: [#include <...> search starts here:]
  ignore line: [ /Volumes/HD_EXTERNO/computador/web/Xcode.app/Contents/Developer/Toolchains/XcodeDefault.xctoolchain/usr/include/c++/v1]
  ignore line: [ /Volumes/HD_EXTERNO/computador/web/Xcode.app/Contents/Developer/Toolchains/XcodeDefault.xctoolchain/usr/lib/clang/10.0.1/include]
  ignore line: [ /Volumes/HD_EXTERNO/computador/web/Xcode.app/Contents/Developer/Toolchains/XcodeDefault.xctoolchain/usr/include]
  ignore line: [ /Volumes/HD_EXTERNO/computador/web/Xcode.app/Contents/Developer/Platforms/MacOSX.platform/Developer/SDKs/MacOSX10.14.sdk/usr/include]
  ignore line: [ /Volumes/HD_EXTERNO/computador/web/Xcode.app/Contents/Developer/Platforms/MacOSX.platform/Developer/SDKs/MacOSX10.14.sdk/System/Library/Frameworks (framework directory)]
  ignore line: [End of search list.]
  ignore line: [Linking CXX executable cmTC_daddf]
  ignore line: [/Volumes/HD_EXTERNO/computador/web/CLion.app/Contents/bin/cmake/mac/bin/cmake -E cmake_link_script CMakeFiles/cmTC_daddf.dir/link.txt --verbose=1]
  ignore line: [/Volumes/HD_EXTERNO/computador/web/Xcode.app/Contents/Developer/Toolchains/XcodeDefault.xctoolchain/usr/bin/c++    -isysroot /Volumes/HD_EXTERNO/computador/web/Xcode.app/Contents/Developer/Platforms/MacOSX.platform/Developer/SDKs/MacOSX10.14.sdk -Wl,-search_paths_first -Wl,-headerpad_max_install_names  -v -Wl,-v CMakeFiles/cmTC_daddf.dir/CMakeCXXCompilerABI.cpp.o  -o cmTC_daddf ]
  ignore line: [Apple LLVM version 10.0.1 (clang-1001.0.46.4)]
  ignore line: [Target: x86_64-apple-darwin18.7.0]
  ignore line: [Thread model: posix]
  ignore line: [InstalledDir: /Volumes/HD_EXTERNO/computador/web/Xcode.app/Contents/Developer/Toolchains/XcodeDefault.xctoolchain/usr/bin]
  link line: [ "/Volumes/HD_EXTERNO/computador/web/Xcode.app/Contents/Developer/Toolchains/XcodeDefault.xctoolchain/usr/bin/ld" -demangle -lto_library /Volumes/HD_EXTERNO/computador/web/Xcode.app/Contents/Developer/Toolchains/XcodeDefault.xctoolchain/usr/lib/libLTO.dylib -dynamic -arch x86_64 -macosx_version_min 10.14.0 -syslibroot /Volumes/HD_EXTERNO/computador/web/Xcode.app/Contents/Developer/Platforms/MacOSX.platform/Developer/SDKs/MacOSX10.14.sdk -o cmTC_daddf -search_paths_first -headerpad_max_install_names -v CMakeFiles/cmTC_daddf.dir/CMakeCXXCompilerABI.cpp.o -lc++ -lSystem /Volumes/HD_EXTERNO/computador/web/Xcode.app/Contents/Developer/Toolchains/XcodeDefault.xctoolchain/usr/lib/clang/10.0.1/lib/darwin/libclang_rt.osx.a]
    arg [/Volumes/HD_EXTERNO/computador/web/Xcode.app/Contents/Developer/Toolchains/XcodeDefault.xctoolchain/usr/bin/ld] ==> ignore
    arg [-demangle] ==> ignore
    arg [-lto_library] ==> ignore, skip following value
    arg [/Volumes/HD_EXTERNO/computador/web/Xcode.app/Contents/Developer/Toolchains/XcodeDefault.xctoolchain/usr/lib/libLTO.dylib] ==> skip value of -lto_library
    arg [-dynamic] ==> ignore
    arg [-arch] ==> ignore
    arg [x86_64] ==> ignore
    arg [-macosx_version_min] ==> ignore
    arg [10.14.0] ==> ignore
    arg [-syslibroot] ==> ignore
    arg [/Volumes/HD_EXTERNO/computador/web/Xcode.app/Contents/Developer/Platforms/MacOSX.platform/Developer/SDKs/MacOSX10.14.sdk] ==> ignore
    arg [-o] ==> ignore
    arg [cmTC_daddf] ==> ignore
    arg [-search_paths_first] ==> ignore
    arg [-headerpad_max_install_names] ==> ignore
    arg [-v] ==> ignore
    arg [CMakeFiles/cmTC_daddf.dir/CMakeCXXCompilerABI.cpp.o] ==> ignore
    arg [-lc++] ==> lib [c++]
    arg [-lSystem] ==> lib [System]
    arg [/Volumes/HD_EXTERNO/computador/web/Xcode.app/Contents/Developer/Toolchains/XcodeDefault.xctoolchain/usr/lib/clang/10.0.1/lib/darwin/libclang_rt.osx.a] ==> lib [/Volumes/HD_EXTERNO/computador/web/Xcode.app/Contents/Developer/Toolchains/XcodeDefault.xctoolchain/usr/lib/clang/10.0.1/lib/darwin/libclang_rt.osx.a]
  Library search paths: [;/Volumes/HD_EXTERNO/computador/web/Xcode.app/Contents/Developer/Platforms/MacOSX.platform/Developer/SDKs/MacOSX10.14.sdk/usr/lib]
  Framework search paths: [;/Volumes/HD_EXTERNO/computador/web/Xcode.app/Contents/Developer/Platforms/MacOSX.platform/Developer/SDKs/MacOSX10.14.sdk/System/Library/Frameworks/]
  remove lib [System]
  remove lib [/Volumes/HD_EXTERNO/computador/web/Xcode.app/Contents/Developer/Toolchains/XcodeDefault.xctoolchain/usr/lib/clang/10.0.1/lib/darwin/libclang_rt.osx.a]
  collapse library dir [/Volumes/HD_EXTERNO/computador/web/Xcode.app/Contents/Developer/Platforms/MacOSX.platform/Developer/SDKs/MacOSX10.14.sdk/usr/lib] ==> [/Volumes/HD_EXTERNO/computador/web/Xcode.app/Contents/Developer/Platforms/MacOSX.platform/Developer/SDKs/MacOSX10.14.sdk/usr/lib]
  collapse framework dir [/Volumes/HD_EXTERNO/computador/web/Xcode.app/Contents/Developer/Platforms/MacOSX.platform/Developer/SDKs/MacOSX10.14.sdk/System/Library/Frameworks/] ==> [/Volumes/HD_EXTERNO/computador/web/Xcode.app/Contents/Developer/Platforms/MacOSX.platform/Developer/SDKs/MacOSX10.14.sdk/System/Library/Frameworks]
  implicit libs: [c++]
  implicit dirs: [/Volumes/HD_EXTERNO/computador/web/Xcode.app/Contents/Developer/Platforms/MacOSX.platform/Developer/SDKs/MacOSX10.14.sdk/usr/lib]
  implicit fwks: [/Volumes/HD_EXTERNO/computador/web/Xcode.app/Contents/Developer/Platforms/MacOSX.platform/Developer/SDKs/MacOSX10.14.sdk/System/Library/Frameworks]


